# JRE version: Java(TM) SE Runtime Environment (24.0.2+12) (build 24.0.2+12-54)
# Java VM: Java HotSpot(TM) 64-Bit Server VM (24.0.2+12-54, mixed mode, sharing, tiered, compressed oops, compressed class ptrs, g1 gc, windows-amd64)
GC Precious Log:
 CardTable entry size: 512
 Card Set container configuration: InlinePtr #cards 4 size 8 Array Of Cards #cards 32 size 80 Howl #buckets 8 coarsen threshold 7372 Howl Bitmap #cards 1024 size 144 coarsen threshold 921 Card regions per heap region 1 cards per card region 8192
 CPUs: 12 total, 12 available
 Memory: 16027M
 Large Page Support: Disabled
 NUMA Support: Disabled
 Compressed Oops: Enabled (Zero based)
 Heap Region Size: 4M
 Heap Min Capacity: 8M
 Heap Initial Capacity: 252M
 Heap Max Capacity: 8G
 Pre-touch: Disabled
 Parallel Workers: 10
 Concurrent Workers: 3
 Concurrent Refinement Workers: 10
 Periodic GC: Disabled
Heap:
 garbage-first heap   total reserved 8388608K, committed 999424K, used 741403K [0x0000000600000000, 0x0000000800000000)
  region size 4096K, 95 young (389120K), 5 survivors (20480K)
 Metaspace       used 226129K, committed 229376K, reserved 1310720K
  class space    used 23885K, committed 25408K, reserved 1048576K
GC Heap History (20 events):
Event: 242.583 GC heap before
{Heap before GC invocations=93 (full 0):
 garbage-first heap   total reserved 8388608K, committed 753664K, used 669174K [0x0000000600000000, 0x0000000800000000)
  region size 4096K, 109 young (446464K), 9 survivors (36864K)
 Metaspace       used 217234K, committed 220288K, reserved 1245184K
  class space    used 23328K, committed 24704K, reserved 1048576K
}
Event: 242.615 GC heap after
{Heap after GC invocations=94 (full 0):
 garbage-first heap   total reserved 8388608K, committed 753664K, used 294513K [0x0000000600000000, 0x0000000800000000)
  region size 4096K, 14 young (57344K), 14 survivors (57344K)
 Metaspace       used 217234K, committed 220288K, reserved 1245184K
  class space    used 23328K, committed 24704K, reserved 1048576K
}
Event: 250.801 GC heap before
{Heap before GC invocations=95 (full 0):
 garbage-first heap   total reserved 8388608K, committed 753664K, used 650865K [0x0000000600000000, 0x0000000800000000)
  region size 4096K, 102 young (417792K), 14 survivors (57344K)
 Metaspace       used 221618K, committed 224640K, reserved 1310720K
  class space    used 23737K, committed 25152K, reserved 1048576K
}
Event: 250.856 GC heap after
{Heap after GC invocations=96 (full 0):
 garbage-first heap   total reserved 8388608K, committed 753664K, used 307300K [0x0000000600000000, 0x0000000800000000)
  region size 4096K, 3 young (12288K), 3 survivors (12288K)
 Metaspace       used 221618K, committed 224640K, reserved 1310720K
  class space    used 23737K, committed 25152K, reserved 1048576K
}
Event: 253.470 GC heap before
{Heap before GC invocations=96 (full 0):
 garbage-first heap   total reserved 8388608K, committed 753664K, used 696420K [0x0000000600000000, 0x0000000800000000)
  region size 4096K, 98 young (401408K), 3 survivors (12288K)
 Metaspace       used 222036K, committed 225088K, reserved 1310720K
  class space    used 23747K, committed 25152K, reserved 1048576K
}
Event: 253.511 GC heap after
{Heap after GC invocations=97 (full 0):
 garbage-first heap   total reserved 8388608K, committed 774144K, used 355238K [0x0000000600000000, 0x0000000800000000)
  region size 4096K, 13 young (53248K), 13 survivors (53248K)
 Metaspace       used 222036K, committed 225088K, reserved 1310720K
  class space    used 23747K, committed 25152K, reserved 1048576K
}
Event: 256.055 GC heap before
{Heap before GC invocations=97 (full 0):
 garbage-first heap   total reserved 8388608K, committed 774144K, used 678822K [0x0000000600000000, 0x0000000800000000)
  region size 4096K, 92 young (376832K), 13 survivors (53248K)
 Metaspace       used 222551K, committed 225664K, reserved 1310720K
  class space    used 23766K, committed 25216K, reserved 1048576K
}
Event: 256.108 GC heap after
{Heap after GC invocations=98 (full 0):
 garbage-first heap   total reserved 8388608K, committed 827392K, used 447977K [0x0000000600000000, 0x0000000800000000)
  region size 4096K, 12 young (49152K), 12 survivors (49152K)
 Metaspace       used 222551K, committed 225664K, reserved 1310720K
  class space    used 23766K, committed 25216K, reserved 1048576K
}
Event: 257.646 GC heap before
{Heap before GC invocations=99 (full 0):
 garbage-first heap   total reserved 8388608K, committed 827392K, used 706025K [0x0000000600000000, 0x0000000800000000)
  region size 4096K, 75 young (307200K), 12 survivors (49152K)
 Metaspace       used 222934K, committed 226112K, reserved 1310720K
  class space    used 23746K, committed 25216K, reserved 1048576K
}
Event: 257.710 GC heap after
{Heap after GC invocations=100 (full 0):
 garbage-first heap   total reserved 8388608K, committed 831488K, used 521930K [0x0000000600000000, 0x0000000800000000)
  region size 4096K, 10 young (40960K), 10 survivors (40960K)
 Metaspace       used 222934K, committed 226112K, reserved 1310720K
  class space    used 23746K, committed 25216K, reserved 1048576K
}
Event: 258.980 GC heap before
{Heap before GC invocations=100 (full 0):
 garbage-first heap   total reserved 8388608K, committed 831488K, used 714442K [0x0000000600000000, 0x0000000800000000)
  region size 4096K, 57 young (233472K), 10 survivors (40960K)
 Metaspace       used 223376K, committed 226496K, reserved 1310720K
  class space    used 23759K, committed 25216K, reserved 1048576K
}
Event: 259.017 GC heap after
{Heap after GC invocations=101 (full 0):
 garbage-first heap   total reserved 8388608K, committed 999424K, used 459172K [0x0000000600000000, 0x0000000800000000)
  region size 4096K, 3 young (12288K), 3 survivors (12288K)
 Metaspace       used 223376K, committed 226496K, reserved 1310720K
  class space    used 23759K, committed 25216K, reserved 1048576K
}
Event: 280.511 GC heap before
{Heap before GC invocations=101 (full 0):
 garbage-first heap   total reserved 8388608K, committed 999424K, used 823716K [0x0000000600000000, 0x0000000800000000)
  region size 4096K, 93 young (380928K), 3 survivors (12288K)
 Metaspace       used 224098K, committed 227264K, reserved 1310720K
  class space    used 23806K, committed 25280K, reserved 1048576K
}
Event: 280.553 GC heap after
{Heap after GC invocations=102 (full 0):
 garbage-first heap   total reserved 8388608K, committed 999424K, used 481054K [0x0000000600000000, 0x0000000800000000)
  region size 4096K, 10 young (40960K), 10 survivors (40960K)
 Metaspace       used 224098K, committed 227264K, reserved 1310720K
  class space    used 23806K, committed 25280K, reserved 1048576K
}
Event: 471.985 GC heap before
{Heap before GC invocations=102 (full 0):
 garbage-first heap   total reserved 8388608K, committed 999424K, used 845598K [0x0000000600000000, 0x0000000800000000)
  region size 4096K, 99 young (405504K), 10 survivors (40960K)
 Metaspace       used 224512K, committed 227712K, reserved 1310720K
  class space    used 23815K, committed 25280K, reserved 1048576K
}
Event: 471.999 GC heap after
{Heap after GC invocations=103 (full 0):
 garbage-first heap   total reserved 8388608K, committed 999424K, used 458999K [0x0000000600000000, 0x0000000800000000)
  region size 4096K, 2 young (8192K), 2 survivors (8192K)
 Metaspace       used 224512K, committed 227712K, reserved 1310720K
  class space    used 23815K, committed 25280K, reserved 1048576K
}
Event: 3069.096 GC heap before
{Heap before GC invocations=103 (full 0):
 garbage-first heap   total reserved 8388608K, committed 999424K, used 860407K [0x0000000600000000, 0x0000000800000000)
  region size 4096K, 101 young (413696K), 2 survivors (8192K)
 Metaspace       used 225175K, committed 228416K, reserved 1310720K
  class space    used 23844K, committed 25344K, reserved 1048576K
}
Event: 3069.162 GC heap after
{Heap after GC invocations=104 (full 0):
 garbage-first heap   total reserved 8388608K, committed 999424K, used 481547K [0x0000000600000000, 0x0000000800000000)
  region size 4096K, 7 young (28672K), 7 survivors (28672K)
 Metaspace       used 225175K, committed 228416K, reserved 1310720K
  class space    used 23844K, committed 25344K, reserved 1048576K
}
Event: 3078.529 GC heap before
{Heap before GC invocations=104 (full 0):
 garbage-first heap   total reserved 8388608K, committed 999424K, used 878859K [0x0000000600000000, 0x0000000800000000)
  region size 4096K, 104 young (425984K), 7 survivors (28672K)
 Metaspace       used 225851K, committed 229056K, reserved 1310720K
  class space    used 23885K, committed 25408K, reserved 1048576K
}
Event: 3078.554 GC heap after
{Heap after GC invocations=105 (full 0):
 garbage-first heap   total reserved 8388608K, committed 999424K, used 471067K [0x0000000600000000, 0x0000000800000000)
  region size 4096K, 5 young (20480K), 5 survivors (20480K)
 Metaspace       used 225851K, committed 229056K, reserved 1310720K
  class space    used 23885K, committed 25408K, reserved 1048576K
}

